================================================================================
SYSTEM INFORMATION
================================================================================
Computer ID: Loaner-1458.local-root
Timestamp: 2025-05-09T12:38:18.813260
OS: Darwin 14.6.1
Architecture: x86_64
CPU: i386 (8 cores)
CPU Usage: 27.9%
RAM:
  Total: 16.0 GB
  Used: 8.94 GB
  Free: 6.79 GB
  Usage: 57.6%
Disk:
  Total: 233.47 GB
  Used: 12.28 GB
  Free: 160.56 GB
  Usage: 7.1%
Network:
  Connected: True
  Download Speed: 0.2s
  GitHub Connected: True
Battery:
  Level: 24%
  Power Plugged: False
================================================================================
LOG ENTRIES
================================================================================
2025-05-09 12:38:19,808 - INFO - {"timestamp": "2025-05-09T12:38:19.808537", "computer_id": "Loaner-1458.local-root", "operation": "program_start", "status": "success", "details": {"version": "1.0", "computer_info": {"OS": "Darwin", "OS Version": "14.6.1", "Architecture": "x86_64", "CPU": "i386", "CPU Cores": 8, "CPU Usage": "20.1%", "RAM": {"Total": "16.0 GB", "Used": "8.94 GB", "Free": "6.79 GB", "Usage": "57.6%"}, "Disk": {"Total": "233.47 GB", "Used": "12.28 GB", "Free": "160.56 GB", "Usage": "7.1%"}, "Network": {"connected": true, "download_time": 0.21, "github_connected": true}, "Battery": {"percent": "24%", "power_plugged": false}}}}
2025-05-09 12:38:20,827 - INFO - Successfully uploaded log file: Loaner-1458.local-root.log
2025-05-09 12:39:17,307 - INFO - {"timestamp": "2025-05-09T12:39:17.307563", "computer_id": "Loaner-1458.local-root", "operation": "menu_choice", "status": "success", "details": {"choice": "0"}}
2025-05-09 12:39:18,316 - INFO - Successfully uploaded log file: Loaner-1458.local-root.log
2025-05-09 12:39:19,698 - INFO - {"timestamp": "2025-05-09T12:39:19.698591", "computer_id": "Loaner-1458.local-root", "operation": "menu_choice", "status": "success", "details": {"choice": "exit"}}
2025-05-09 12:39:20,795 - INFO - Successfully uploaded log file: Loaner-1458.local-root.log
2025-05-09 12:39:20,798 - INFO - {"timestamp": "2025-05-09T12:39:20.798900", "computer_id": "Loaner-1458.local-root", "operation": "program_exit", "status": "success", "details": null}
